{"logTime": "0407/132410", "correlationVector":"2Of0zrLxg9EgsVXBrqS57J.1","action":"SyncServerConnectionManagerRequest", "result":"SYNC_SERVER_OK", "context":{"environment":"Prod_EastUS_000w", "migrationStage":"NotStarted", "server":"GENERAL0100001L"}}
{"logTime": "0407/132418", "correlationVector":"2Of0zrLxg9EgsVXBrqS57J.2","action":"AAD.Mip.Unpack", "result":"Success", "context":MIP_CLOUD_COMMERCIAL:Success}
{"logTime": "0407/132418", "correlationVector":"2Of0zrLxg9EgsVXBrqS57J.3","action":"AAD.GetKeyResponse", "result":"Success", "context":Keys=1.LastKeyStatus=Normal. 2024-03-06 16:16:43 -03.State=None. Tags: Current_encryption_keys_tag = 77+977+9NO+/vU3vv73WlO+/vV13cu+/ve+/ve+/vXldW++/ve+/vSHvv71FBe+/vSPvv73vv70k37w8, Updated_current_encryption_keys_tag = Empty}
{"logTime": "0407/132436", "correlationVector":"2Of0zrLxg9EgsVXBrqS57J","action":"Initial GetUpdates", "result":"", "context":Reason: NEW_CLIENT. cV=2Of0zrLxg9EgsVXBrqS57J}
{"logTime": "0407/132445", "correlationVector":"2Of0zrLxg9EgsVXBrqS57J.4","action":"GetUpdates Response", "result":"Success", "context":Received 1 update(s). cV=2Of0zrLxg9EgsVXBrqS57J.0;server=GENERAL0100001L;cloudType=Multitenant;environment=Prod_EastUS_000w;migrationStage=NotStarted}
{"logTime": "0407/132538", "correlationVector":"yhNIA0MjiH6p00t8DvrPpK","action":"Normal GetUpdate request", "result":"", "context":cV=yhNIA0MjiH6p00t8DvrPpK
Refresh requested types: Encryption Keys}
{"logTime": "0407/132539", "correlationVector":"yhNIA0MjiH6p00t8DvrPpK.1","action":"SyncServerConnectionManagerRequest", "result":"SYNC_SERVER_OK", "context":{"environment":"Prod_EastUS_000w", "migrationStage":"NotStarted", "server":"GENERAL1100001Q"}}
{"logTime": "0407/132539", "correlationVector":"yhNIA0MjiH6p00t8DvrPpK.2","action":"GetUpdates Response", "result":"Success", "context":Received 0 update(s). cV=yhNIA0MjiH6p00t8DvrPpK.0;server=GENERAL1100001Q;cloudType=Multitenant;environment=Prod_EastUS_000w;migrationStage=NotStarted}
{"logTime": "0416/202351", "correlationVector":"2TzOO84mdSOi59oiV5562g.1","action":"SyncServerConnectionManagerRequest", "result":"SYNC_SERVER_OK", "context":{"environment":"Prod_EastUS2_000e", "migrationStage":"NotStarted", "server":"GENERAL0100002Q"}}
{"logTime": "0416/202402", "correlationVector":"2TzOO84mdSOi59oiV5562g.2","action":"AAD.Mip.Unpack", "result":"Success", "context":MIP_CLOUD_COMMERCIAL:Success}
{"logTime": "0416/202403", "correlationVector":"2TzOO84mdSOi59oiV5562g.3","action":"AAD.GetKeyResponse", "result":"Success", "context":Keys=1.LastKeyStatus=Normal. 2024-03-06 16:16:43 -03.State=None. Tags: Current_encryption_keys_tag = 77+977+9NO+/vU3vv73WlO+/vV13cu+/ve+/ve+/vXldW++/ve+/vSHvv71FBe+/vSPvv73vv70k37w8, Updated_current_encryption_keys_tag = Empty}
{"logTime": "0416/202403", "correlationVector":"2TzOO84mdSOi59oiV5562g","action":"Initial GetUpdates", "result":"", "context":Reason: NEW_CLIENT. cV=2TzOO84mdSOi59oiV5562g}
{"logTime": "0416/202403", "correlationVector":"2TzOO84mdSOi59oiV5562g.4","action":"GetUpdates Response", "result":"Success", "context":Received 1 update(s). cV=2TzOO84mdSOi59oiV5562g.0;server=GENERAL0100002Q;cloudType=Multitenant;environment=Prod_EastUS2_000e;migrationStage=NotStarted}
{"logTime": "0416/202403", "correlationVector":"wzYq3va/d6x9golg/Srnbr","action":"Initial GetUpdates", "result":"", "context":Reason: PROGRAMMATIC. cV=wzYq3va/d6x9golg/Srnbr}
{"logTime": "0416/202404", "correlationVector":"wzYq3va/d6x9golg/Srnbr.1","action":"SyncServerConnectionManagerRequest", "result":"SYNC_SERVER_OK", "context":{"environment":"Prod_EastUS2_000e", "migrationStage":"NotStarted", "server":"GENERAL0100000M"}}
{"logTime": "0416/202404", "correlationVector":"wzYq3va/d6x9golg/Srnbr.2","action":"GetUpdates Response", "result":"Success", "context":Received 1 update(s). cV=wzYq3va/d6x9golg/Srnbr.0;server=GENERAL0100000M;cloudType=Multitenant;environment=Prod_EastUS2_000e;migrationStage=NotStarted}
{"logTime": "0416/202404", "correlationVector":"d/Rdq9XbTCEkrKo06M8j2h","action":"Initial GetUpdates", "result":"", "context":Reason: PROGRAMMATIC. cV=d/Rdq9XbTCEkrKo06M8j2h}
{"logTime": "0416/202405", "correlationVector":"d/Rdq9XbTCEkrKo06M8j2h.1","action":"SyncServerConnectionManagerRequest", "result":"SYNC_SERVER_OK", "context":{"environment":"Prod_EastUS2_000e", "migrationStage":"NotStarted", "server":"GENERAL0100001R"}}
{"logTime": "0416/202405", "correlationVector":"d/Rdq9XbTCEkrKo06M8j2h.2","action":"GetUpdates Response", "result":"Success", "context":Received 6 update(s). cV=d/Rdq9XbTCEkrKo06M8j2h.0;server=GENERAL0100001R;cloudType=Multitenant;environment=Prod_EastUS2_000e;migrationStage=NotStarted}
{"logTime": "0416/202405", "correlationVector":"ZnRmloiy88FGQ55BlSjYuJ","action":"Initial GetUpdates", "result":"", "context":Reason: PROGRAMMATIC. cV=ZnRmloiy88FGQ55BlSjYuJ}
{"logTime": "0416/202406", "correlationVector":"ZnRmloiy88FGQ55BlSjYuJ.1","action":"SyncServerConnectionManagerRequest", "result":"SYNC_SERVER_OK", "context":{"environment":"Prod_EastUS2_000e", "migrationStage":"NotStarted", "server":"GENERAL0100000B"}}
{"logTime": "0416/202406", "correlationVector":"ZnRmloiy88FGQ55BlSjYuJ.2","action":"GetUpdates Response", "result":"Success", "context":Received 12 update(s). cV=ZnRmloiy88FGQ55BlSjYuJ.0;server=GENERAL0100000B;cloudType=Multitenant;environment=Prod_EastUS2_000e;migrationStage=NotStarted}
{"logTime": "0416/202406", "correlationVector":"TEZ+ZaHctw1il43jW77/Qb","action":"Normal GetUpdate request", "result":"", "context":cV=TEZ+ZaHctw1il43jW77/Qb
Nudged types: Bookmarks, Passwords
Refresh requested types: Bookmarks, Passwords, Autofill Profiles, Typed URLs, Edge Wallet, Encryption Keys}
{"logTime": "0416/202406", "correlationVector":"TEZ+ZaHctw1il43jW77/Qb.1","action":"SyncServerConnectionManagerRequest", "result":"SYNC_SERVER_OK", "context":{"environment":"Prod_EastUS2_000e", "migrationStage":"NotStarted", "server":"GENERAL0100001M"}}
{"logTime": "0416/202406", "correlationVector":"TEZ+ZaHctw1il43jW77/Qb.2","action":"GetUpdates Response", "result":"Success", "context":Received 0 update(s). cV=TEZ+ZaHctw1il43jW77/Qb.0;server=GENERAL0100001M;cloudType=Multitenant;environment=Prod_EastUS2_000e;migrationStage=NotStarted}
{"logTime": "0416/202406", "correlationVector":"xi1ramMEtoV7z+FTM5JI57","action":"Commit Request", "result":"", "context":Item count: 2
Contributing types: Bookmarks, Passwords}
{"logTime": "0416/202408", "correlationVector":"xi1ramMEtoV7z+FTM5JI57.1","action":"SyncServerConnectionManagerRequest", "result":"SYNC_SERVER_OK", "context":{"environment":"Prod_EastUS2_000e", "migrationStage":"NotStarted", "server":"GENERAL0100000E"}}
{"logTime": "0416/202408", "correlationVector":"xi1ramMEtoV7z+FTM5JI57.2","action":"Commit Response", "result":"Success", "context":Result: Success. cV=xi1ramMEtoV7z+FTM5JI57.0;server=GENERAL0100000E;cloudType=Multitenant;environment=Prod_EastUS2_000e;migrationStage=NotStarted}
{"logTime": "0416/202408", "correlationVector":"LeMX/oSoNLN6OhtAleIqcr","action":"Poll GetUpdate request", "result":"", "context":cV=LeMX/oSoNLN6OhtAleIqcr}
{"logTime": "0416/202408", "correlationVector":"LeMX/oSoNLN6OhtAleIqcr.1","action":"SyncServerConnectionManagerRequest", "result":"SYNC_SERVER_OK", "context":{"environment":"Prod_EastUS2_000e", "migrationStage":"NotStarted", "server":"GENERAL0100003A"}}
{"logTime": "0416/202408", "correlationVector":"LeMX/oSoNLN6OhtAleIqcr.2","action":"GetUpdates Response", "result":"Success", "context":Received 2 update(s). cV=LeMX/oSoNLN6OhtAleIqcr.0;server=GENERAL0100003A;cloudType=Multitenant;environment=Prod_EastUS2_000e;migrationStage=NotStarted}
{"logTime": "0416/202408", "correlationVector":"th6+2IfwXrdMWbOVB9ELVR","action":"Normal GetUpdate request", "result":"", "context":cV=th6+2IfwXrdMWbOVB9ELVR
Nudged types: Passwords}
{"logTime": "0416/202409", "correlationVector":"th6+2IfwXrdMWbOVB9ELVR.1","action":"SyncServerConnectionManagerRequest", "result":"SYNC_SERVER_OK", "context":{"environment":"Prod_EastUS2_000e", "migrationStage":"NotStarted", "server":"GENERAL01000034"}}
{"logTime": "0416/202409", "correlationVector":"th6+2IfwXrdMWbOVB9ELVR.2","action":"GetUpdates Response", "result":"Success", "context":Received 0 update(s). cV=th6+2IfwXrdMWbOVB9ELVR.0;server=GENERAL01000034;cloudType=Multitenant;environment=Prod_EastUS2_000e;migrationStage=NotStarted}
{"logTime": "0418/174745", "correlationVector":"9B0SHiBaQpBE2AZ1dAQu3W.1","action":"SyncServerConnectionManagerRequest", "result":"SYNC_SERVER_OK", "context":{"environment":"Prod_EastUS2_000e", "migrationStage":"NotStarted", "server":"general0100002T"}}
{"logTime": "0418/174746", "correlationVector":"9B0SHiBaQpBE2AZ1dAQu3W.2","action":"AAD.Mip.Unpack", "result":"Success", "context":MIP_CLOUD_COMMERCIAL:Success}
{"logTime": "0418/174746", "correlationVector":"9B0SHiBaQpBE2AZ1dAQu3W.3","action":"AAD.GetKeyResponse", "result":"Success", "context":Keys=1.LastKeyStatus=Normal. 2024-03-06 16:16:43 -03.State=None. Tags: Current_encryption_keys_tag = 77+977+9NO+/vU3vv73WlO+/vV13cu+/ve+/ve+/vXldW++/ve+/vSHvv71FBe+/vSPvv73vv70k37w8, Updated_current_encryption_keys_tag = Empty}
{"logTime": "0418/174746", "correlationVector":"9B0SHiBaQpBE2AZ1dAQu3W","action":"Initial GetUpdates", "result":"", "context":Reason: NEW_CLIENT. cV=9B0SHiBaQpBE2AZ1dAQu3W}
{"logTime": "0418/174746", "correlationVector":"9B0SHiBaQpBE2AZ1dAQu3W.4","action":"GetUpdates Response", "result":"Success", "context":Received 1 update(s). cV=9B0SHiBaQpBE2AZ1dAQu3W.0;server=general0100002T;cloudType=Multitenant;environment=Prod_EastUS2_000e;migrationStage=NotStarted}
{"logTime": "0418/174747", "correlationVector":"YxzhHGSzfNHib2MGU94Z6z","action":"Initial GetUpdates", "result":"", "context":Reason: PROGRAMMATIC. cV=YxzhHGSzfNHib2MGU94Z6z}
{"logTime": "0418/174747", "correlationVector":"YxzhHGSzfNHib2MGU94Z6z.1","action":"SyncServerConnectionManagerRequest", "result":"SYNC_SERVER_OK", "context":{"environment":"Prod_EastUS2_000e", "migrationStage":"NotStarted", "server":"GENERAL0100000A"}}
{"logTime": "0418/174748", "correlationVector":"YxzhHGSzfNHib2MGU94Z6z.2","action":"GetUpdates Response", "result":"Success", "context":Received 1 update(s). cV=YxzhHGSzfNHib2MGU94Z6z.0;server=GENERAL0100000A;cloudType=Multitenant;environment=Prod_EastUS2_000e;migrationStage=NotStarted}
{"logTime": "0418/174748", "correlationVector":"2d+ssPKPUKtYcMHHLo0bcM","action":"Normal GetUpdate request", "result":"", "context":cV=2d+ssPKPUKtYcMHHLo0bcM
Refresh requested types: Bookmarks, Passwords, Autofill Profiles, Typed URLs, Edge Wallet, Encryption Keys}
{"logTime": "0418/174748", "correlationVector":"2d+ssPKPUKtYcMHHLo0bcM.1","action":"SyncServerConnectionManagerRequest", "result":"SYNC_SERVER_OK", "context":{"environment":"Prod_EastUS2_000e", "migrationStage":"NotStarted", "server":"GENERAL0100002Z"}}
{"logTime": "0418/174749", "correlationVector":"2d+ssPKPUKtYcMHHLo0bcM.2","action":"GetUpdates Response", "result":"Success", "context":Received 3 update(s). cV=2d+ssPKPUKtYcMHHLo0bcM.0;server=GENERAL0100002Z;cloudType=Multitenant;environment=Prod_EastUS2_000e;migrationStage=NotStarted}
{"logTime": "0418/174749", "correlationVector":"fx8LkwaGfgRr/ownLIoYTL","action":"Poll GetUpdate request", "result":"", "context":cV=fx8LkwaGfgRr/ownLIoYTL}
{"logTime": "0418/174749", "correlationVector":"fx8LkwaGfgRr/ownLIoYTL.1","action":"SyncServerConnectionManagerRequest", "result":"SYNC_SERVER_OK", "context":{"environment":"Prod_EastUS2_000e", "migrationStage":"NotStarted", "server":"GENERAL0100000W"}}
{"logTime": "0418/174749", "correlationVector":"fx8LkwaGfgRr/ownLIoYTL.2","action":"GetUpdates Response", "result":"Success", "context":Received 0 update(s). cV=fx8LkwaGfgRr/ownLIoYTL.0;server=GENERAL0100000W;cloudType=Multitenant;environment=Prod_EastUS2_000e;migrationStage=NotStarted}
{"logTime": "0418/175150", "correlationVector":"3V5QddtGik+9moTHSuYDq1","action":"Normal GetUpdate request", "result":"", "context":cV=3V5QddtGik+9moTHSuYDq1
Refresh requested types: Bookmarks, Passwords, Autofill Profiles, Typed URLs, Edge Wallet, Encryption Keys}
{"logTime": "0418/175150", "correlationVector":"3V5QddtGik+9moTHSuYDq1.1","action":"SyncServerConnectionManagerRequest", "result":"SYNC_SERVER_OK", "context":{"environment":"Prod_EastUS2_000e", "migrationStage":"NotStarted", "server":"GENERAL0100003B"}}
{"logTime": "0418/175150", "correlationVector":"3V5QddtGik+9moTHSuYDq1.2","action":"GetUpdates Response", "result":"Success", "context":Received 0 update(s). cV=3V5QddtGik+9moTHSuYDq1.0;server=GENERAL0100003B;cloudType=Multitenant;environment=Prod_EastUS2_000e;migrationStage=NotStarted}
{"logTime": "0418/175602", "correlationVector":"0kjjkohX2FGoFHeIyI4v1x","action":"Normal GetUpdate request", "result":"", "context":cV=0kjjkohX2FGoFHeIyI4v1x
Notified types: Typed URLs}
{"logTime": "0418/175603", "correlationVector":"0kjjkohX2FGoFHeIyI4v1x.1","action":"SyncServerConnectionManagerRequest", "result":"SYNC_SERVER_OK", "context":{"environment":"Prod_EastUS2_000e", "migrationStage":"NotStarted", "server":"GENERAL0100002D"}}
{"logTime": "0418/175604", "correlationVector":"0kjjkohX2FGoFHeIyI4v1x.2","action":"GetUpdates Response", "result":"Success", "context":Received 1 update(s). cV=0kjjkohX2FGoFHeIyI4v1x.0;server=GENERAL0100002D;cloudType=Multitenant;environment=Prod_EastUS2_000e;migrationStage=NotStarted}
{"logTime": "0418/180659", "correlationVector":"MhpMTSPkgSz8gi2jnMJfk6","action":"Normal GetUpdate request", "result":"", "context":cV=MhpMTSPkgSz8gi2jnMJfk6
Refresh requested types: Bookmarks, Passwords, Autofill Profiles, Typed URLs, Edge Wallet, Encryption Keys}
{"logTime": "0418/180704", "correlationVector":"MhpMTSPkgSz8gi2jnMJfk6.1","action":"SyncServerConnectionManagerRequest", "result":"SYNC_SERVER_OK", "context":{"environment":"Prod_EastUS_000w", "migrationStage":"NotStarted", "server":"GENERAL1100002Q"}}
{"logTime": "0418/180705", "correlationVector":"MhpMTSPkgSz8gi2jnMJfk6.2","action":"GetUpdates Response", "result":"Success", "context":Received 0 update(s). cV=MhpMTSPkgSz8gi2jnMJfk6.0;server=GENERAL1100002Q;cloudType=Multitenant;environment=Prod_EastUS_000w;migrationStage=NotStarted}
{"logTime": "0418/181332", "correlationVector":"scs7XFK0lbZoB+XF+ansXz","action":"Normal GetUpdate request", "result":"", "context":cV=scs7XFK0lbZoB+XF+ansXz
Refresh requested types: Bookmarks, Passwords, Autofill Profiles, Typed URLs, Edge Wallet, Encryption Keys}
{"logTime": "0418/181352", "correlationVector":"scs7XFK0lbZoB+XF+ansXz.1","action":"SyncServerConnectionManagerRequest", "result":"SYNC_SERVER_OK", "context":{"environment":"Prod_EastUS2_000e", "migrationStage":"NotStarted", "server":"GENERAL01000028"}}
{"logTime": "0418/181401", "correlationVector":"scs7XFK0lbZoB+XF+ansXz.2","action":"GetUpdates Response", "result":"Success", "context":Received 0 update(s). cV=scs7XFK0lbZoB+XF+ansXz.0;server=GENERAL01000028;cloudType=Multitenant;environment=Prod_EastUS2_000e;migrationStage=NotStarted}
{"logTime": "0418/181947", "correlationVector":"6QZoP5iInglgwBsneI1y+D","action":"Normal GetUpdate request", "result":"", "context":cV=6QZoP5iInglgwBsneI1y+D
Refresh requested types: Bookmarks, Passwords, Autofill Profiles, Typed URLs, Edge Wallet, Encryption Keys}
{"logTime": "0418/182015", "correlationVector":"6QZoP5iInglgwBsneI1y+D.1","action":"SyncServerConnectionManagerRequest", "result":"SYNC_SERVER_OK", "context":{"environment":"Prod_EastUS2_000e", "migrationStage":"NotStarted", "server":"GENERAL01000004"}}
{"logTime": "0418/182024", "correlationVector":"6QZoP5iInglgwBsneI1y+D.2","action":"GetUpdates Response", "result":"Success", "context":Received 0 update(s). cV=6QZoP5iInglgwBsneI1y+D.0;server=GENERAL01000004;cloudType=Multitenant;environment=Prod_EastUS2_000e;migrationStage=NotStarted}
{"logTime": "0418/183103", "correlationVector":"pCN8Tre2W3en8xLzjP28/a","action":"Normal GetUpdate request", "result":"", "context":cV=pCN8Tre2W3en8xLzjP28/a
Notified types: Typed URLs}
{"logTime": "0418/183104", "correlationVector":"pCN8Tre2W3en8xLzjP28/a.1","action":"SyncServerConnectionManagerRequest", "result":"SYNC_SERVER_OK", "context":{"environment":"Prod_EastUS2_000e", "migrationStage":"NotStarted", "server":"GENERAL01000025"}}
{"logTime": "0418/183104", "correlationVector":"pCN8Tre2W3en8xLzjP28/a.2","action":"GetUpdates Response", "result":"Success", "context":Received 1 update(s). cV=pCN8Tre2W3en8xLzjP28/a.0;server=GENERAL01000025;cloudType=Multitenant;environment=Prod_EastUS2_000e;migrationStage=NotStarted}
{"logTime": "0418/185114", "correlationVector":"IEDoqVR0ciK/pz9IsptmV9","action":"Normal GetUpdate request", "result":"", "context":cV=IEDoqVR0ciK/pz9IsptmV9
Refresh requested types: Bookmarks, Passwords, Autofill Profiles, Typed URLs, Edge Wallet, Encryption Keys}
{"logTime": "0418/185139", "correlationVector":"IEDoqVR0ciK/pz9IsptmV9.1","action":"SyncServerConnectionManagerRequest", "result":"SYNC_AUTH_ERROR", "context":{"environment":"Prod_EastUS2_000e", "migrationStage":"NotStarted", "server":"GENERAL0100000B"}}
{"logTime": "0418/185145", "correlationVector":"IEDoqVR0ciK/pz9IsptmV9.2","action":"GetUpdates Response", "result":"HTTP error (401)", "context":Received error: HTTP error (401). cV=IEDoqVR0ciK/pz9IsptmV9.0;server=GENERAL0100000B;cloudType=Undetermined;environment=Prod_EastUS2_000e;migrationStage=NotStarted}
{"logTime": "0418/185147", "correlationVector":"y+7dr6/UIjsn4dpbxmAZ8c","action":"Normal GetUpdate request", "result":"", "context":cV=y+7dr6/UIjsn4dpbxmAZ8c
Refresh requested types: Bookmarks, Passwords, Autofill Profiles, Typed URLs, Edge Wallet, Encryption Keys}
{"logTime": "0418/185148", "correlationVector":"y+7dr6/UIjsn4dpbxmAZ8c.1","action":"SyncServerConnectionManagerRequest", "result":"SYNC_SERVER_OK", "context":{"environment":"Prod_EastUS2_000e", "migrationStage":"NotStarted", "server":"GENERAL01000019"}}
{"logTime": "0418/185150", "correlationVector":"y+7dr6/UIjsn4dpbxmAZ8c.2","action":"GetUpdates Response", "result":"Success", "context":Received 0 update(s). cV=y+7dr6/UIjsn4dpbxmAZ8c.0;server=GENERAL01000019;cloudType=Multitenant;environment=Prod_EastUS2_000e;migrationStage=NotStarted}
{"logTime": "0418/185628", "correlationVector":"gwO7xgvpobGvQbHYILaZZS","action":"Normal GetUpdate request", "result":"", "context":cV=gwO7xgvpobGvQbHYILaZZS
Refresh requested types: Bookmarks, Passwords, Autofill Profiles, Typed URLs, Edge Wallet, Encryption Keys}
{"logTime": "0418/185725", "correlationVector":"gwO7xgvpobGvQbHYILaZZS","action":"SyncServerConnectionManagerRequest", "result":"CONNECTION_UNAVAILABLE", "context":{"error_type":"net_error_code", "error_value":"-15"}}
{"logTime": "0418/185801", "correlationVector":"bfRuhSRUl6cJHMZ6dLXbAD.0","action":"GetUpdates Response", "result":"Network error (ERR_SOCKET_NOT_CONNECTED)", "context":Received error: Network error (ERR_SOCKET_NOT_CONNECTED). }
{"logTime": "0418/185850", "correlationVector":"pw1CHruN4znnPr24vVKuXC","action":"Normal GetUpdate request", "result":"", "context":cV=pw1CHruN4znnPr24vVKuXC
Refresh requested types: Bookmarks, Passwords, Autofill Profiles, Typed URLs, Edge Wallet, Encryption Keys}
{"logTime": "0418/185859", "correlationVector":"pw1CHruN4znnPr24vVKuXC.1","action":"SyncServerConnectionManagerRequest", "result":"SYNC_SERVER_OK", "context":{"environment":"Prod_EastUS2_000e", "migrationStage":"NotStarted", "server":"GENERAL01000024"}}
{"logTime": "0418/185909", "correlationVector":"pw1CHruN4znnPr24vVKuXC.2","action":"GetUpdates Response", "result":"Success", "context":Received 0 update(s). cV=pw1CHruN4znnPr24vVKuXC.0;server=GENERAL01000024;cloudType=Multitenant;environment=Prod_EastUS2_000e;migrationStage=NotStarted}
{"logTime": "0418/190114", "correlationVector":"hkiazby+A71qL0q3TZKCHg","action":"Normal GetUpdate request", "result":"", "context":cV=hkiazby+A71qL0q3TZKCHg
Refresh requested types: Bookmarks, Passwords, Autofill Profiles, Typed URLs, Edge Wallet, Encryption Keys}
{"logTime": "0418/190141", "correlationVector":"hkiazby+A71qL0q3TZKCHg.1","action":"SyncServerConnectionManagerRequest", "result":"SYNC_SERVER_OK", "context":{"environment":"Prod_EastUS2_000e", "migrationStage":"NotStarted", "server":"GENERAL0100002G"}}
{"logTime": "0418/190153", "correlationVector":"hkiazby+A71qL0q3TZKCHg.2","action":"GetUpdates Response", "result":"Success", "context":Received 0 update(s). cV=hkiazby+A71qL0q3TZKCHg.0;server=GENERAL0100002G;cloudType=Multitenant;environment=Prod_EastUS2_000e;migrationStage=NotStarted}
{"logTime": "0418/191746", "correlationVector":"/136m07I10G/Xb0K3t8byB","action":"Normal GetUpdate request", "result":"", "context":cV=/136m07I10G/Xb0K3t8byB
Refresh requested types: Bookmarks, Passwords, Autofill Profiles, Typed URLs, Edge Wallet, Encryption Keys}
{"logTime": "0418/191837", "correlationVector":"/136m07I10G/Xb0K3t8byB.1","action":"SyncServerConnectionManagerRequest", "result":"SYNC_SERVER_OK", "context":{"environment":"Prod_EastUS2_000e", "migrationStage":"NotStarted", "server":"GENERAL0100000T"}}
{"logTime": "0418/191907", "correlationVector":"/136m07I10G/Xb0K3t8byB.2","action":"GetUpdates Response", "result":"Success", "context":Received 0 update(s). cV=/136m07I10G/Xb0K3t8byB.0;server=GENERAL0100000T;cloudType=Multitenant;environment=Prod_EastUS2_000e;migrationStage=NotStarted}
{"logTime": "0418/192749", "correlationVector":"2NwIPLHDi74fohmUeh83Ad","action":"Normal GetUpdate request", "result":"", "context":cV=2NwIPLHDi74fohmUeh83Ad
Refresh requested types: Bookmarks, Passwords, Autofill Profiles, Typed URLs, Edge Wallet, Encryption Keys}
{"logTime": "0418/192756", "correlationVector":"2NwIPLHDi74fohmUeh83Ad.1","action":"SyncServerConnectionManagerRequest", "result":"SYNC_SERVER_OK", "context":{"environment":"Prod_EastUS2_000e", "migrationStage":"NotStarted", "server":"GENERAL0100002D"}}
{"logTime": "0418/192759", "correlationVector":"2NwIPLHDi74fohmUeh83Ad.2","action":"GetUpdates Response", "result":"Success", "context":Received 0 update(s). cV=2NwIPLHDi74fohmUeh83Ad.0;server=GENERAL0100002D;cloudType=Multitenant;environment=Prod_EastUS2_000e;migrationStage=NotStarted}
